[0.931s] Invoking command in '/home/giulia/Desktop/Project2/src/formation_control': PYTHONPATH=/home/giulia/Desktop/Project2/build/formation_control/prefix_override:/home/giulia/Desktop/Project2/install/formation_control/lib/python3.8/site-packages:${PYTHONPATH} /usr/bin/python3 setup.py egg_info --egg-base ../../build/formation_control build --build-base /home/giulia/Desktop/Project2/build/formation_control/build install --record /home/giulia/Desktop/Project2/build/formation_control/install.log --install-scripts $base/lib/formation_control --single-version-externally-managed
[1.233s] running egg_info
[1.234s] creating ../../build/formation_control/formation_control.egg-info
[1.234s] writing ../../build/formation_control/formation_control.egg-info/PKG-INFO
[1.235s] writing dependency_links to ../../build/formation_control/formation_control.egg-info/dependency_links.txt
[1.235s] writing entry points to ../../build/formation_control/formation_control.egg-info/entry_points.txt
[1.235s] writing requirements to ../../build/formation_control/formation_control.egg-info/requires.txt
[1.235s] writing top-level names to ../../build/formation_control/formation_control.egg-info/top_level.txt
[1.238s] writing manifest file '../../build/formation_control/formation_control.egg-info/SOURCES.txt'
[1.282s] reading manifest file '../../build/formation_control/formation_control.egg-info/SOURCES.txt'
[1.284s] writing manifest file '../../build/formation_control/formation_control.egg-info/SOURCES.txt'
[1.284s] running build
[1.284s] running build_py
[1.284s] creating /home/giulia/Desktop/Project2/build/formation_control/build
[1.285s] creating /home/giulia/Desktop/Project2/build/formation_control/build/lib
[1.285s] creating /home/giulia/Desktop/Project2/build/formation_control/build/lib/formation_control
[1.285s] copying formation_control/the_agent.py -> /home/giulia/Desktop/Project2/build/formation_control/build/lib/formation_control
[1.285s] copying formation_control/__init__.py -> /home/giulia/Desktop/Project2/build/formation_control/build/lib/formation_control
[1.286s] running install
[1.286s] running install_lib
[1.288s] creating /home/giulia/Desktop/Project2/install/formation_control/lib/python3.8/site-packages/formation_control
[1.288s] copying /home/giulia/Desktop/Project2/build/formation_control/build/lib/formation_control/the_agent.py -> /home/giulia/Desktop/Project2/install/formation_control/lib/python3.8/site-packages/formation_control
[1.288s] copying /home/giulia/Desktop/Project2/build/formation_control/build/lib/formation_control/__init__.py -> /home/giulia/Desktop/Project2/install/formation_control/lib/python3.8/site-packages/formation_control
[1.289s] byte-compiling /home/giulia/Desktop/Project2/install/formation_control/lib/python3.8/site-packages/formation_control/the_agent.py to the_agent.cpython-38.pyc
[1.292s] byte-compiling /home/giulia/Desktop/Project2/install/formation_control/lib/python3.8/site-packages/formation_control/__init__.py to __init__.cpython-38.pyc
[1.292s] running install_data
[1.293s] creating /home/giulia/Desktop/Project2/install/formation_control/share/ament_index
[1.293s] creating /home/giulia/Desktop/Project2/install/formation_control/share/ament_index/resource_index
[1.293s] creating /home/giulia/Desktop/Project2/install/formation_control/share/ament_index/resource_index/packages
[1.293s] copying resource/formation_control -> /home/giulia/Desktop/Project2/install/formation_control/share/ament_index/resource_index/packages
[1.294s] copying package.xml -> /home/giulia/Desktop/Project2/install/formation_control/share/formation_control
[1.294s] running install_egg_info
[1.296s] Copying ../../build/formation_control/formation_control.egg-info to /home/giulia/Desktop/Project2/install/formation_control/lib/python3.8/site-packages/formation_control-0.0.0-py3.8.egg-info
[1.298s] running install_scripts
[1.324s] Installing the_agent script to /home/giulia/Desktop/Project2/install/formation_control/lib/formation_control
[1.325s] writing list of installed files to '/home/giulia/Desktop/Project2/build/formation_control/install.log'
[1.363s] Invoked command in '/home/giulia/Desktop/Project2/src/formation_control' returned '0': PYTHONPATH=/home/giulia/Desktop/Project2/build/formation_control/prefix_override:/home/giulia/Desktop/Project2/install/formation_control/lib/python3.8/site-packages:${PYTHONPATH} /usr/bin/python3 setup.py egg_info --egg-base ../../build/formation_control build --build-base /home/giulia/Desktop/Project2/build/formation_control/build install --record /home/giulia/Desktop/Project2/build/formation_control/install.log --install-scripts $base/lib/formation_control --single-version-externally-managed
