This is pdfTeX, Version 3.141592653-2.6-1.40.25 (MiKTeX 23.5) (preloaded format=pdflatex 2023.6.16)  21 JUN 2023 18:48
entering extended mode
 restricted \write18 enabled.
 %&-line parsing enabled.
**./report_group_25.tex
(report_group_25.tex
LaTeX2e <2022-11-01> patch level 1
L3 programming layer <2023-05-15>
(/home/giulia/.miktex/texmfs/install/tex/latex/base/book.cls
Document Class: book 2022/07/02 v1.4n Standard LaTeX document class
(/home/giulia/.miktex/texmfs/install/tex/latex/base/bk11.clo
File: bk11.clo 2022/07/02 v1.4n Standard LaTeX file (size option)
)
\c@part=\count185
\c@chapter=\count186
\c@section=\count187
\c@subsection=\count188
\c@subsubsection=\count189
\c@paragraph=\count190
\c@subparagraph=\count191
\c@figure=\count192
\c@table=\count193
\abovecaptionskip=\skip48
\belowcaptionskip=\skip49
\bibindent=\dimen140
)
(/home/giulia/.miktex/texmfs/install/tex/latex/base/inputenc.sty
Package: inputenc 2021/02/14 v1.3d Input encoding file
\inpenc@prehook=\toks16
\inpenc@posthook=\toks17

(/home/giulia/.miktex/texmfs/install/tex/latex/base/latin1.def
File: latin1.def 2021/02/14 v1.3d Input encoding file
))
(/home/giulia/.miktex/texmfs/install/tex/generic/babel/babel.sty
Package: babel 2023/05/11 v3.89 The Babel package
\babel@savecnt=\count194
\U@D=\dimen141
\l@unhyphenated=\language1

(/home/giulia/.miktex/texmfs/install/tex/generic/babel/txtbabel.def)
\bbl@readstream=\read2
\bbl@dirlevel=\count195

*************************************
* Local config file bblopts.cfg used
*
(/home/giulia/.miktex/texmfs/install/tex/latex/arabi/bblopts.cfg
File: bblopts.cfg 2005/09/08 v0.1 add Arabic and Farsi to "declared" options of
 babel
)
(/home/giulia/.miktex/texmfs/install/tex/latex/babel-english/english.ldf
Language: english 2017/06/06 v3.3r English support from the babel system
))
(/home/giulia/.miktex/texmfs/install/tex/generic/babel/locale/en/babel-english.
tex
Package babel Info: Importing font and identification data for english
(babel)             from babel-en.ini. Reported on input line 11.
) (/home/giulia/.miktex/texmfs/install/tex/latex/amsfonts/amsfonts.sty
Package: amsfonts 2013/01/14 v3.01 Basic AMSFonts support
\@emptytoks=\toks18
\symAMSa=\mathgroup4
\symAMSb=\mathgroup5
LaTeX Font Info:    Redeclaring math symbol \hbar on input line 98.
LaTeX Font Info:    Overwriting math alphabet `\mathfrak' in version `bold'
(Font)                  U/euf/m/n --> U/euf/b/n on input line 106.
)
(/home/giulia/.miktex/texmfs/install/tex/latex/amsmath/amsmath.sty
Package: amsmath 2022/04/08 v2.17n AMS math features
\@mathmargin=\skip50

For additional information on amsmath, use the `?' option.
(/home/giulia/.miktex/texmfs/install/tex/latex/amsmath/amstext.sty
Package: amstext 2021/08/26 v2.01 AMS text

(/home/giulia/.miktex/texmfs/install/tex/latex/amsmath/amsgen.sty
File: amsgen.sty 1999/11/30 v2.0 generic functions
\@emptytoks=\toks19
\ex@=\dimen142
))
(/home/giulia/.miktex/texmfs/install/tex/latex/amsmath/amsbsy.sty
Package: amsbsy 1999/11/29 v1.2d Bold Symbols
\pmbraise@=\dimen143
)
(/home/giulia/.miktex/texmfs/install/tex/latex/amsmath/amsopn.sty
Package: amsopn 2022/04/08 v2.04 operator names
)
\inf@bad=\count196
LaTeX Info: Redefining \frac on input line 234.
\uproot@=\count197
\leftroot@=\count198
LaTeX Info: Redefining \overline on input line 399.
LaTeX Info: Redefining \colon on input line 410.
\classnum@=\count199
\DOTSCASE@=\count266
LaTeX Info: Redefining \ldots on input line 496.
LaTeX Info: Redefining \dots on input line 499.
LaTeX Info: Redefining \cdots on input line 620.
\Mathstrutbox@=\box51
\strutbox@=\box52
LaTeX Info: Redefining \big on input line 722.
LaTeX Info: Redefining \Big on input line 723.
LaTeX Info: Redefining \bigg on input line 724.
LaTeX Info: Redefining \Bigg on input line 725.
\big@size=\dimen144
LaTeX Font Info:    Redeclaring font encoding OML on input line 743.
LaTeX Font Info:    Redeclaring font encoding OMS on input line 744.
\macc@depth=\count267
LaTeX Info: Redefining \bmod on input line 905.
LaTeX Info: Redefining \pmod on input line 910.
LaTeX Info: Redefining \smash on input line 940.
LaTeX Info: Redefining \relbar on input line 970.
LaTeX Info: Redefining \Relbar on input line 971.
\c@MaxMatrixCols=\count268
\dotsspace@=\muskip16
\c@parentequation=\count269
\dspbrk@lvl=\count270
\tag@help=\toks20
\row@=\count271
\column@=\count272
\maxfields@=\count273
\andhelp@=\toks21
\eqnshift@=\dimen145
\alignsep@=\dimen146
\tagshift@=\dimen147
\tagwidth@=\dimen148
\totwidth@=\dimen149
\lineht@=\dimen150
\@envbody=\toks22
\multlinegap=\skip51
\multlinetaggap=\skip52
\mathdisplay@stack=\toks23
LaTeX Info: Redefining \[ on input line 2953.
LaTeX Info: Redefining \] on input line 2954.
)
(/home/giulia/.miktex/texmfs/install/tex/latex/amsfonts/amssymb.sty
Package: amssymb 2013/01/14 v3.01 AMS font symbols
)
(/home/giulia/.miktex/texmfs/install/tex/latex/graphics/color.sty
Package: color 2022/01/06 v1.3d Standard LaTeX Color (DPC)

(/home/giulia/.miktex/texmfs/install/tex/latex/graphics-cfg/color.cfg
File: color.cfg 2016/01/02 v1.6 sample color configuration
)
Package color Info: Driver file: pdftex.def on input line 149.

(/home/giulia/.miktex/texmfs/install/tex/latex/graphics-def/pdftex.def
File: pdftex.def 2022/09/22 v1.2b Graphics/color driver for pdftex
)
(/home/giulia/.miktex/texmfs/install/tex/latex/graphics/mathcolor.ltx))
(/home/giulia/.miktex/texmfs/install/tex/latex/graphics/graphicx.sty
Package: graphicx 2021/09/16 v1.2d Enhanced LaTeX Graphics (DPC,SPQR)

(/home/giulia/.miktex/texmfs/install/tex/latex/graphics/keyval.sty
Package: keyval 2022/05/29 v1.15 key=value parser (DPC)
\KV@toks@=\toks24
)
(/home/giulia/.miktex/texmfs/install/tex/latex/graphics/graphics.sty
Package: graphics 2022/03/10 v1.4e Standard LaTeX Graphics (DPC,SPQR)

(/home/giulia/.miktex/texmfs/install/tex/latex/graphics/trig.sty
Package: trig 2021/08/11 v1.11 sin cos tan (DPC)
)
(/home/giulia/.miktex/texmfs/install/tex/latex/graphics-cfg/graphics.cfg
File: graphics.cfg 2016/06/04 v1.11 sample graphics configuration
)
Package graphics Info: Driver file: pdftex.def on input line 107.
)
\Gin@req@height=\dimen151
\Gin@req@width=\dimen152
)
(/home/giulia/.miktex/texmfs/install/tex/latex/caption/subcaption.sty
Package: subcaption 2023/02/19 v1.6 Sub-captions (AR)

(/home/giulia/.miktex/texmfs/install/tex/latex/caption/caption.sty
Package: caption 2023/03/12 v3.6j Customizing captions (AR)

(/home/giulia/.miktex/texmfs/install/tex/latex/caption/caption3.sty
Package: caption3 2023/03/12 v2.4 caption3 kernel (AR)
\caption@tempdima=\dimen153
\captionmargin=\dimen154
\caption@leftmargin=\dimen155
\caption@rightmargin=\dimen156
\caption@width=\dimen157
\caption@indent=\dimen158
\caption@parindent=\dimen159
\caption@hangindent=\dimen160
Package caption Info: Standard document class detected.
)
\c@caption@flags=\count274
\c@continuedfloat=\count275
)
Package caption Info: New subtype `subfigure' on input line 239.
\c@subfigure=\count276
Package caption Info: New subtype `subtable' on input line 239.
\c@subtable=\count277
)
(/home/giulia/.miktex/texmfs/install/tex/latex/float/float.sty
Package: float 2001/11/08 v1.3d Float enhancements (AL)
\c@float@type=\count278
\float@exts=\toks25
\float@box=\box53
\@float@everytoks=\toks26
\@floatcapt=\box54
)
(/home/giulia/.miktex/texmfs/install/tex/latex/pgf/frontendlayer/tikz.sty
(/home/giulia/.miktex/texmfs/install/tex/latex/pgf/basiclayer/pgf.sty
(/home/giulia/.miktex/texmfs/install/tex/latex/pgf/utilities/pgfrcs.sty
(/home/giulia/.miktex/texmfs/install/tex/generic/pgf/utilities/pgfutil-common.t
ex
\pgfutil@everybye=\toks27
\pgfutil@tempdima=\dimen161
\pgfutil@tempdimb=\dimen162
)
(/home/giulia/.miktex/texmfs/install/tex/generic/pgf/utilities/pgfutil-latex.de
f
\pgfutil@abb=\box55
)
(/home/giulia/.miktex/texmfs/install/tex/generic/pgf/utilities/pgfrcs.code.tex
(/home/giulia/.miktex/texmfs/install/tex/generic/pgf/pgf.revision.tex)
Package: pgfrcs 2023-01-15 v3.1.10 (3.1.10)
))
Package: pgf 2023-01-15 v3.1.10 (3.1.10)

(/home/giulia/.miktex/texmfs/install/tex/latex/pgf/basiclayer/pgfcore.sty
(/home/giulia/.miktex/texmfs/install/tex/latex/pgf/systemlayer/pgfsys.sty
(/home/giulia/.miktex/texmfs/install/tex/generic/pgf/systemlayer/pgfsys.code.te
x
Package: pgfsys 2023-01-15 v3.1.10 (3.1.10)

(/home/giulia/.miktex/texmfs/install/tex/generic/pgf/utilities/pgfkeys.code.tex
\pgfkeys@pathtoks=\toks28
\pgfkeys@temptoks=\toks29

(/home/giulia/.miktex/texmfs/install/tex/generic/pgf/utilities/pgfkeyslibraryfi
ltered.code.tex
\pgfkeys@tmptoks=\toks30
))
\pgf@x=\dimen163
\pgf@y=\dimen164
\pgf@xa=\dimen165
\pgf@ya=\dimen166
\pgf@xb=\dimen167
\pgf@yb=\dimen168
\pgf@xc=\dimen169
\pgf@yc=\dimen170
\pgf@xd=\dimen171
\pgf@yd=\dimen172
\w@pgf@writea=\write3
\r@pgf@reada=\read3
\c@pgf@counta=\count279
\c@pgf@countb=\count280
\c@pgf@countc=\count281
\c@pgf@countd=\count282
\t@pgf@toka=\toks31
\t@pgf@tokb=\toks32
\t@pgf@tokc=\toks33
\pgf@sys@id@count=\count283

(/home/giulia/.miktex/texmfs/install/tex/generic/pgf/systemlayer/pgf.cfg
File: pgf.cfg 2023-01-15 v3.1.10 (3.1.10)
)
Driver file for pgf: pgfsys-pdftex.def

(/home/giulia/.miktex/texmfs/install/tex/generic/pgf/systemlayer/pgfsys-pdftex.
def
File: pgfsys-pdftex.def 2023-01-15 v3.1.10 (3.1.10)

(/home/giulia/.miktex/texmfs/install/tex/generic/pgf/systemlayer/pgfsys-common-
pdf.def
File: pgfsys-common-pdf.def 2023-01-15 v3.1.10 (3.1.10)
)))
(/home/giulia/.miktex/texmfs/install/tex/generic/pgf/systemlayer/pgfsyssoftpath
.code.tex
File: pgfsyssoftpath.code.tex 2023-01-15 v3.1.10 (3.1.10)
\pgfsyssoftpath@smallbuffer@items=\count284
\pgfsyssoftpath@bigbuffer@items=\count285
)
(/home/giulia/.miktex/texmfs/install/tex/generic/pgf/systemlayer/pgfsysprotocol
.code.tex
File: pgfsysprotocol.code.tex 2023-01-15 v3.1.10 (3.1.10)
)) (/home/giulia/.miktex/texmfs/install/tex/latex/xcolor/xcolor.sty
Package: xcolor 2022/06/12 v2.14 LaTeX color extensions (UK)

(/home/giulia/.miktex/texmfs/install/tex/latex/graphics-cfg/color.cfg
File: color.cfg 2016/01/02 v1.6 sample color configuration
)
Package xcolor Info: Driver file: pdftex.def on input line 227.
LaTeX Info: Redefining \color on input line 711.

(/home/giulia/.miktex/texmfs/install/tex/latex/graphics/mathcolor.ltx)
Package xcolor Info: Model `cmy' substituted by `cmy0' on input line 1353.
Package xcolor Info: Model `hsb' substituted by `rgb' on input line 1357.
Package xcolor Info: Model `RGB' extended on input line 1369.
Package xcolor Info: Model `HTML' substituted by `rgb' on input line 1371.
Package xcolor Info: Model `Hsb' substituted by `hsb' on input line 1372.
Package xcolor Info: Model `tHsb' substituted by `hsb' on input line 1373.
Package xcolor Info: Model `HSB' substituted by `hsb' on input line 1374.
Package xcolor Info: Model `Gray' substituted by `gray' on input line 1375.
Package xcolor Info: Model `wave' substituted by `hsb' on input line 1376.
)
(/home/giulia/.miktex/texmfs/install/tex/generic/pgf/basiclayer/pgfcore.code.te
x
Package: pgfcore 2023-01-15 v3.1.10 (3.1.10)
 (/home/giulia/.miktex/texmfs/install/tex/generic/pgf/math/pgfmath.code.tex
(/home/giulia/.miktex/texmfs/install/tex/generic/pgf/math/pgfmathutil.code.tex)

(/home/giulia/.miktex/texmfs/install/tex/generic/pgf/math/pgfmathparser.code.te
x
\pgfmath@dimen=\dimen173
\pgfmath@count=\count286
\pgfmath@box=\box56
\pgfmath@toks=\toks34
\pgfmath@stack@operand=\toks35
\pgfmath@stack@operation=\toks36
)
(/home/giulia/.miktex/texmfs/install/tex/generic/pgf/math/pgfmathfunctions.code
.tex)
(/home/giulia/.miktex/texmfs/install/tex/generic/pgf/math/pgfmathfunctions.basi
c.code.tex)
(/home/giulia/.miktex/texmfs/install/tex/generic/pgf/math/pgfmathfunctions.trig
onometric.code.tex)
(/home/giulia/.miktex/texmfs/install/tex/generic/pgf/math/pgfmathfunctions.rand
om.code.tex)
(/home/giulia/.miktex/texmfs/install/tex/generic/pgf/math/pgfmathfunctions.comp
arison.code.tex)
(/home/giulia/.miktex/texmfs/install/tex/generic/pgf/math/pgfmathfunctions.base
.code.tex)
(/home/giulia/.miktex/texmfs/install/tex/generic/pgf/math/pgfmathfunctions.roun
d.code.tex)
(/home/giulia/.miktex/texmfs/install/tex/generic/pgf/math/pgfmathfunctions.misc
.code.tex)
(/home/giulia/.miktex/texmfs/install/tex/generic/pgf/math/pgfmathfunctions.inte
gerarithmetics.code.tex)
(/home/giulia/.miktex/texmfs/install/tex/generic/pgf/math/pgfmathcalc.code.tex)

(/home/giulia/.miktex/texmfs/install/tex/generic/pgf/math/pgfmathfloat.code.tex
\c@pgfmathroundto@lastzeros=\count287
)) (/home/giulia/.miktex/texmfs/install/tex/generic/pgf/math/pgfint.code.tex)
(/home/giulia/.miktex/texmfs/install/tex/generic/pgf/basiclayer/pgfcorepoints.c
ode.tex
File: pgfcorepoints.code.tex 2023-01-15 v3.1.10 (3.1.10)
\pgf@picminx=\dimen174
\pgf@picmaxx=\dimen175
\pgf@picminy=\dimen176
\pgf@picmaxy=\dimen177
\pgf@pathminx=\dimen178
\pgf@pathmaxx=\dimen179
\pgf@pathminy=\dimen180
\pgf@pathmaxy=\dimen181
\pgf@xx=\dimen182
\pgf@xy=\dimen183
\pgf@yx=\dimen184
\pgf@yy=\dimen185
\pgf@zx=\dimen186
\pgf@zy=\dimen187
)
(/home/giulia/.miktex/texmfs/install/tex/generic/pgf/basiclayer/pgfcorepathcons
truct.code.tex
File: pgfcorepathconstruct.code.tex 2023-01-15 v3.1.10 (3.1.10)
\pgf@path@lastx=\dimen188
\pgf@path@lasty=\dimen189
)
(/home/giulia/.miktex/texmfs/install/tex/generic/pgf/basiclayer/pgfcorepathusag
e.code.tex
File: pgfcorepathusage.code.tex 2023-01-15 v3.1.10 (3.1.10)
\pgf@shorten@end@additional=\dimen190
\pgf@shorten@start@additional=\dimen191
)
(/home/giulia/.miktex/texmfs/install/tex/generic/pgf/basiclayer/pgfcorescopes.c
ode.tex
File: pgfcorescopes.code.tex 2023-01-15 v3.1.10 (3.1.10)
\pgfpic=\box57
\pgf@hbox=\box58
\pgf@layerbox@main=\box59
\pgf@picture@serial@count=\count288
)
(/home/giulia/.miktex/texmfs/install/tex/generic/pgf/basiclayer/pgfcoregraphics
tate.code.tex
File: pgfcoregraphicstate.code.tex 2023-01-15 v3.1.10 (3.1.10)
\pgflinewidth=\dimen192
)
(/home/giulia/.miktex/texmfs/install/tex/generic/pgf/basiclayer/pgfcoretransfor
mations.code.tex
File: pgfcoretransformations.code.tex 2023-01-15 v3.1.10 (3.1.10)
\pgf@pt@x=\dimen193
\pgf@pt@y=\dimen194
\pgf@pt@temp=\dimen195
)
(/home/giulia/.miktex/texmfs/install/tex/generic/pgf/basiclayer/pgfcorequick.co
de.tex
File: pgfcorequick.code.tex 2023-01-15 v3.1.10 (3.1.10)
)
(/home/giulia/.miktex/texmfs/install/tex/generic/pgf/basiclayer/pgfcoreobjects.
code.tex
File: pgfcoreobjects.code.tex 2023-01-15 v3.1.10 (3.1.10)
)
(/home/giulia/.miktex/texmfs/install/tex/generic/pgf/basiclayer/pgfcorepathproc
essing.code.tex
File: pgfcorepathprocessing.code.tex 2023-01-15 v3.1.10 (3.1.10)
)
(/home/giulia/.miktex/texmfs/install/tex/generic/pgf/basiclayer/pgfcorearrows.c
ode.tex
File: pgfcorearrows.code.tex 2023-01-15 v3.1.10 (3.1.10)
\pgfarrowsep=\dimen196
)
(/home/giulia/.miktex/texmfs/install/tex/generic/pgf/basiclayer/pgfcoreshade.co
de.tex
File: pgfcoreshade.code.tex 2023-01-15 v3.1.10 (3.1.10)
\pgf@max=\dimen197
\pgf@sys@shading@range@num=\count289
\pgf@shadingcount=\count290
)
(/home/giulia/.miktex/texmfs/install/tex/generic/pgf/basiclayer/pgfcoreimage.co
de.tex
File: pgfcoreimage.code.tex 2023-01-15 v3.1.10 (3.1.10)
)
(/home/giulia/.miktex/texmfs/install/tex/generic/pgf/basiclayer/pgfcoreexternal
.code.tex
File: pgfcoreexternal.code.tex 2023-01-15 v3.1.10 (3.1.10)
\pgfexternal@startupbox=\box60
)
(/home/giulia/.miktex/texmfs/install/tex/generic/pgf/basiclayer/pgfcorelayers.c
ode.tex
File: pgfcorelayers.code.tex 2023-01-15 v3.1.10 (3.1.10)
)
(/home/giulia/.miktex/texmfs/install/tex/generic/pgf/basiclayer/pgfcoretranspar
ency.code.tex
File: pgfcoretransparency.code.tex 2023-01-15 v3.1.10 (3.1.10)
)
(/home/giulia/.miktex/texmfs/install/tex/generic/pgf/basiclayer/pgfcorepatterns
.code.tex
File: pgfcorepatterns.code.tex 2023-01-15 v3.1.10 (3.1.10)
)
(/home/giulia/.miktex/texmfs/install/tex/generic/pgf/basiclayer/pgfcorerdf.code
.tex
File: pgfcorerdf.code.tex 2023-01-15 v3.1.10 (3.1.10)
)))
(/home/giulia/.miktex/texmfs/install/tex/generic/pgf/modules/pgfmoduleshapes.co
de.tex
File: pgfmoduleshapes.code.tex 2023-01-15 v3.1.10 (3.1.10)
\pgfnodeparttextbox=\box61
)
(/home/giulia/.miktex/texmfs/install/tex/generic/pgf/modules/pgfmoduleplot.code
.tex
File: pgfmoduleplot.code.tex 2023-01-15 v3.1.10 (3.1.10)
)
(/home/giulia/.miktex/texmfs/install/tex/latex/pgf/compatibility/pgfcomp-versio
n-0-65.sty
Package: pgfcomp-version-0-65 2023-01-15 v3.1.10 (3.1.10)
\pgf@nodesepstart=\dimen198
\pgf@nodesepend=\dimen199
)
(/home/giulia/.miktex/texmfs/install/tex/latex/pgf/compatibility/pgfcomp-versio
n-1-18.sty
Package: pgfcomp-version-1-18 2023-01-15 v3.1.10 (3.1.10)
))
(/home/giulia/.miktex/texmfs/install/tex/latex/pgf/utilities/pgffor.sty
(/home/giulia/.miktex/texmfs/install/tex/latex/pgf/utilities/pgfkeys.sty
(/home/giulia/.miktex/texmfs/install/tex/generic/pgf/utilities/pgfkeys.code.tex
)) (/home/giulia/.miktex/texmfs/install/tex/latex/pgf/math/pgfmath.sty
(/home/giulia/.miktex/texmfs/install/tex/generic/pgf/math/pgfmath.code.tex))
(/home/giulia/.miktex/texmfs/install/tex/generic/pgf/utilities/pgffor.code.tex
Package: pgffor 2023-01-15 v3.1.10 (3.1.10)
\pgffor@iter=\dimen256
\pgffor@skip=\dimen257
\pgffor@stack=\toks37
\pgffor@toks=\toks38
))
(/home/giulia/.miktex/texmfs/install/tex/generic/pgf/frontendlayer/tikz/tikz.co
de.tex
Package: tikz 2023-01-15 v3.1.10 (3.1.10)

(/home/giulia/.miktex/texmfs/install/tex/generic/pgf/libraries/pgflibraryplotha
ndlers.code.tex
File: pgflibraryplothandlers.code.tex 2023-01-15 v3.1.10 (3.1.10)
\pgf@plot@mark@count=\count291
\pgfplotmarksize=\dimen258
)
\tikz@lastx=\dimen259
\tikz@lasty=\dimen260
\tikz@lastxsaved=\dimen261
\tikz@lastysaved=\dimen262
\tikz@lastmovetox=\dimen263
\tikz@lastmovetoy=\dimen264
\tikzleveldistance=\dimen265
\tikzsiblingdistance=\dimen266
\tikz@figbox=\box62
\tikz@figbox@bg=\box63
\tikz@tempbox=\box64
\tikz@tempbox@bg=\box65
\tikztreelevel=\count292
\tikznumberofchildren=\count293
\tikznumberofcurrentchild=\count294
\tikz@fig@count=\count295

(/home/giulia/.miktex/texmfs/install/tex/generic/pgf/modules/pgfmodulematrix.co
de.tex
File: pgfmodulematrix.code.tex 2023-01-15 v3.1.10 (3.1.10)
\pgfmatrixcurrentrow=\count296
\pgfmatrixcurrentcolumn=\count297
\pgf@matrix@numberofcolumns=\count298
)
\tikz@expandcount=\count299

(/home/giulia/.miktex/texmfs/install/tex/generic/pgf/frontendlayer/tikz/librari
es/tikzlibrarytopaths.code.tex
File: tikzlibrarytopaths.code.tex 2023-01-15 v3.1.10 (3.1.10)
)))
(/home/giulia/.miktex/texmfs/install/tex/latex/listofitems/listofitems.sty
(/home/giulia/.miktex/texmfs/install/tex/generic/listofitems/listofitems.tex
\loi_cnt_foreach_nest=\count300
\loi_nestcnt=\count301
)
Package: listofitems 2019/08/21 v1.63 Grab items in lists using user-specified 
sep char (CT)
)
(/home/giulia/.miktex/texmfs/install/tex/latex/contour/contour.sty
Package: contour 2004/11/18 v2.14 Print contoured text (HH, MH)
\con@length=\skip53

Loading configuration file `contour.cfg'.
(/home/giulia/.miktex/texmfs/install/tex/latex/contour/contour.cfg
File: contour.cfg 2004/11/18 v2.14 Print contoured text (HH, MH)
)
contour: Using driver file `pdftex.cnt'.
(/home/giulia/.miktex/texmfs/install/tex/latex/contour/pdftex.cnt
File: pdftex.cnt 2004/11/18 v2.14 Print contoured text (HH, MH)
))
(/home/giulia/.miktex/texmfs/install/tex/latex/hyperref/hyperref.sty
Package: hyperref 2023-04-22 v7.00x Hypertext links for LaTeX

(/home/giulia/.miktex/texmfs/install/tex/generic/ltxcmds/ltxcmds.sty
Package: ltxcmds 2020-05-10 v1.25 LaTeX kernel commands for general use (HO)
)
(/home/giulia/.miktex/texmfs/install/tex/generic/iftex/iftex.sty
Package: iftex 2022/02/03 v1.0f TeX engine tests
)
(/home/giulia/.miktex/texmfs/install/tex/generic/pdftexcmds/pdftexcmds.sty
Package: pdftexcmds 2020-06-27 v0.33 Utility functions of pdfTeX for LuaTeX (HO
)

(/home/giulia/.miktex/texmfs/install/tex/generic/infwarerr/infwarerr.sty
Package: infwarerr 2019/12/03 v1.5 Providing info/warning/error messages (HO)
)
Package pdftexcmds Info: \pdf@primitive is available.
Package pdftexcmds Info: \pdf@ifprimitive is available.
Package pdftexcmds Info: \pdfdraftmode found.
)
(/home/giulia/.miktex/texmfs/install/tex/latex/kvsetkeys/kvsetkeys.sty
Package: kvsetkeys 2022-10-05 v1.19 Key value parser (HO)
)
(/home/giulia/.miktex/texmfs/install/tex/generic/kvdefinekeys/kvdefinekeys.sty
Package: kvdefinekeys 2019-12-19 v1.6 Define keys (HO)
) (/home/giulia/.miktex/texmfs/install/tex/generic/pdfescape/pdfescape.sty
Package: pdfescape 2019/12/09 v1.15 Implements pdfTeX's escape features (HO)
)
(/home/giulia/.miktex/texmfs/install/tex/latex/hycolor/hycolor.sty
Package: hycolor 2020-01-27 v1.10 Color options for hyperref/bookmark (HO)
)
(/home/giulia/.miktex/texmfs/install/tex/latex/letltxmacro/letltxmacro.sty
Package: letltxmacro 2019/12/03 v1.6 Let assignment for LaTeX macros (HO)
)
(/home/giulia/.miktex/texmfs/install/tex/latex/auxhook/auxhook.sty
Package: auxhook 2019-12-17 v1.6 Hooks for auxiliary files (HO)
)
(/home/giulia/.miktex/texmfs/install/tex/latex/hyperref/nameref.sty
Package: nameref 2022-05-17 v2.50 Cross-referencing by name of section

(/home/giulia/.miktex/texmfs/install/tex/latex/refcount/refcount.sty
Package: refcount 2019/12/15 v3.6 Data extraction from label references (HO)
)
(/home/giulia/.miktex/texmfs/install/tex/generic/gettitlestring/gettitlestring.
sty
Package: gettitlestring 2019/12/15 v1.6 Cleanup title references (HO)
 (/home/giulia/.miktex/texmfs/install/tex/latex/kvoptions/kvoptions.sty
Package: kvoptions 2022-06-15 v3.15 Key value format for package options (HO)
))
\c@section@level=\count302
)
(/home/giulia/.miktex/texmfs/install/tex/latex/etoolbox/etoolbox.sty
Package: etoolbox 2020/10/05 v2.5k e-TeX tools for LaTeX (JAW)
\etb@tempcnta=\count303
)
\@linkdim=\dimen267
\Hy@linkcounter=\count304
\Hy@pagecounter=\count305

(/home/giulia/.miktex/texmfs/install/tex/latex/hyperref/pd1enc.def
File: pd1enc.def 2023-04-22 v7.00x Hyperref: PDFDocEncoding definition (HO)
Now handling font encoding PD1 ...
... no UTF-8 mapping file for font encoding PD1
)
(/home/giulia/.miktex/texmfs/install/tex/generic/intcalc/intcalc.sty
Package: intcalc 2019/12/15 v1.3 Expandable calculations with integers (HO)
)
\Hy@SavedSpaceFactor=\count306

(/home/giulia/.miktex/texmfs/install/tex/latex/hyperref/puenc.def
File: puenc.def 2023-04-22 v7.00x Hyperref: PDF Unicode definition (HO)
Now handling font encoding PU ...
... no UTF-8 mapping file for font encoding PU
)
Package hyperref Info: Hyper figures OFF on input line 4182.
Package hyperref Info: Link nesting OFF on input line 4187.
Package hyperref Info: Hyper index ON on input line 4190.
Package hyperref Info: Plain pages OFF on input line 4197.
Package hyperref Info: Backreferencing OFF on input line 4202.
Package hyperref Info: Implicit mode ON; LaTeX internals redefined.
Package hyperref Info: Bookmarks ON on input line 4449.
\c@Hy@tempcnt=\count307

(/home/giulia/.miktex/texmfs/install/tex/latex/url/url.sty
\Urlmuskip=\muskip17
Package: url 2013/09/16  ver 3.4  Verb mode for urls, etc.
)
LaTeX Info: Redefining \url on input line 4787.
\XeTeXLinkMargin=\dimen268

(/home/giulia/.miktex/texmfs/install/tex/generic/bitset/bitset.sty
Package: bitset 2019/12/09 v1.3 Handle bit-vector datatype (HO)

(/home/giulia/.miktex/texmfs/install/tex/generic/bigintcalc/bigintcalc.sty
Package: bigintcalc 2019/12/15 v1.5 Expandable calculations on big integers (HO
)
))
\Fld@menulength=\count308
\Field@Width=\dimen269
\Fld@charsize=\dimen270
Package hyperref Info: Hyper figures OFF on input line 6066.
Package hyperref Info: Link nesting OFF on input line 6071.
Package hyperref Info: Hyper index ON on input line 6074.
Package hyperref Info: backreferencing OFF on input line 6081.
Package hyperref Info: Link coloring OFF on input line 6086.
Package hyperref Info: Link coloring with OCG OFF on input line 6091.
Package hyperref Info: PDF/A mode OFF on input line 6096.

(/home/giulia/.miktex/texmfs/install/tex/latex/base/atbegshi-ltx.sty
Package: atbegshi-ltx 2021/01/10 v1.0c Emulation of the original atbegshi
package with kernel methods
)
\Hy@abspage=\count309
\c@Item=\count310
\c@Hfootnote=\count311
)
Package hyperref Info: Driver (autodetected): hpdftex.

(/home/giulia/.miktex/texmfs/install/tex/latex/hyperref/hpdftex.def
File: hpdftex.def 2023-04-22 v7.00x Hyperref driver for pdfTeX

(/home/giulia/.miktex/texmfs/install/tex/latex/base/atveryend-ltx.sty
Package: atveryend-ltx 2020/08/19 v1.0a Emulation of the original atveryend pac
kage
with kernel methods
)
\Fld@listcount=\count312
\c@bookmark@seq@number=\count313

(/home/giulia/.miktex/texmfs/install/tex/latex/rerunfilecheck/rerunfilecheck.st
y
Package: rerunfilecheck 2022-07-10 v1.10 Rerun checks for auxiliary files (HO)

(/home/giulia/.miktex/texmfs/install/tex/generic/uniquecounter/uniquecounter.st
y
Package: uniquecounter 2019/12/15 v1.4 Provide unlimited unique counter (HO)
)
Package uniquecounter Info: New unique counter `rerunfilecheck' on input line 2
85.
)
\Hy@SectionHShift=\skip54
)
Package hyperref Info: Option `colorlinks' set `true' on input line 39.

(/home/giulia/.miktex/texmfs/install/tex/latex/l3backend/l3backend-pdftex.def
File: l3backend-pdftex.def 2023-04-19 L3 backend support: PDF output (pdfTeX)
\l__color_backend_stack_int=\count314
\l__pdf_internal_box=\box66
)
(report_group_25.aux)
\openout1 = `report_group_25.aux'.

LaTeX Font Info:    Checking defaults for OML/cmm/m/it on input line 42.
LaTeX Font Info:    ... okay on input line 42.
LaTeX Font Info:    Checking defaults for OMS/cmsy/m/n on input line 42.
LaTeX Font Info:    ... okay on input line 42.
LaTeX Font Info:    Checking defaults for OT1/cmr/m/n on input line 42.
LaTeX Font Info:    ... okay on input line 42.
LaTeX Font Info:    Checking defaults for T1/cmr/m/n on input line 42.
LaTeX Font Info:    ... okay on input line 42.
LaTeX Font Info:    Checking defaults for TS1/cmr/m/n on input line 42.
LaTeX Font Info:    ... okay on input line 42.
LaTeX Font Info:    Checking defaults for OMX/cmex/m/n on input line 42.
LaTeX Font Info:    ... okay on input line 42.
LaTeX Font Info:    Checking defaults for U/cmr/m/n on input line 42.
LaTeX Font Info:    ... okay on input line 42.
LaTeX Font Info:    Checking defaults for PD1/pdf/m/n on input line 42.
LaTeX Font Info:    ... okay on input line 42.
LaTeX Font Info:    Checking defaults for PU/pdf/m/n on input line 42.
LaTeX Font Info:    ... okay on input line 42.

(/home/giulia/.miktex/texmfs/install/tex/context/base/mkii/supp-pdf.mkii
[Loading MPS to PDF converter (version 2006.09.02).]
\scratchcounter=\count315
\scratchdimen=\dimen271
\scratchbox=\box67
\nofMPsegments=\count316
\nofMParguments=\count317
\everyMPshowfont=\toks39
\MPscratchCnt=\count318
\MPscratchDim=\dimen272
\MPnumerator=\count319
\makeMPintoPDFobject=\count320
\everyMPtoPDFconversion=\toks40
) (/home/giulia/.miktex/texmfs/install/tex/latex/epstopdf-pkg/epstopdf-base.sty
Package: epstopdf-base 2020-01-24 v2.11 Base part for package epstopdf
Package epstopdf-base Info: Redefining graphics rule for `.eps' on input line 4
85.
(/home/giulia/.miktex/texmfs/install/tex/latex/00miktex/epstopdf-sys.cfg
File: epstopdf-sys.cfg 2021/03/18 v2.0 Configuration of epstopdf for MiKTeX
))
Package caption Info: Begin \AtBeginDocument code.
Package caption Info: float package is loaded.
Package caption Info: hyperref package is loaded.
Package caption Info: End \AtBeginDocument code.
Package hyperref Info: Link coloring ON on input line 42.

(report_group_25.out) (report_group_25.out)
\@outlinefile=\write4
\openout4 = `report_group_25.out'.

<./figs/logo_unibo.png, id=78, 766.865pt x 401.5pt>
File: ./figs/logo_unibo.png Graphic file (type png)
<use ./figs/logo_unibo.png>
Package pdftex.def Info: ./figs/logo_unibo.png  used on input line 53.
(pdftex.def)             Requested size: 207.05632pt x 108.40643pt.
 [1

{/home/giulia/.miktex/texmfs/data/fonts/map/pdftex/pdftex.map} <./figs/logo_uni
bo.png (PNG copy)>] [2]
Overfull \hbox (2.01662pt too wide) in paragraph at lines 105--108
[]\OT1/cmr/m/n/10.95 In the second chapter we describe a ROS2 implementation of
 the distance-
 []

[3

] (report_group_25.toc
LaTeX Font Info:    Trying to load font information for U+msa on input line 3.

(/home/giulia/.miktex/texmfs/install/tex/latex/amsfonts/umsa.fd
File: umsa.fd 2013/01/14 v3.01 AMS symbols A
)
LaTeX Font Info:    Trying to load font information for U+msb on input line 3.

(/home/giulia/.miktex/texmfs/install/tex/latex/amsfonts/umsb.fd
File: umsb.fd 2013/01/14 v3.01 AMS symbols B
))
\tf@toc=\write5
\openout5 = `report_group_25.toc'.

 [4

] [5]
Chapter 1.
<./figs/mnist.png, id=127, 225.84375pt x 225.84375pt>
File: ./figs/mnist.png Graphic file (type png)
<use ./figs/mnist.png>
Package pdftex.def Info: ./figs/mnist.png  used on input line 135.
(pdftex.def)             Requested size: 112.92159pt x 112.92159pt.

Overfull \hbox (0.58124pt too wide) in paragraph at lines 144--145
\OT1/cmr/m/n/10.95 the images (file \OT1/cmtt/m/n/10.95 lib/data[]load.py\OT1/c
mr/m/n/10.95 ). We flattened the $28 \OMS/cmsy/m/n/10.95 ^^B \OT1/cmr/m/n/10.95
 28$ pixels grayscale
 []

[6

 <./figs/mnist.png>] 1, 2, 3, [7]
Overfull \hbox (10.71875pt too wide) in paragraph at lines 234--235
\OT1/cmr/m/n/10.95 between the input and hidden layers, while the second one is
 for the connections
 []


Overfull \hbox (0.61748pt too wide) in paragraph at lines 260--261
[]\OT1/cmr/m/n/10.95 The initial connection weights for our neural network have
 been randomly
 []


Overfull \hbox (15.51445pt too wide) in paragraph at lines 263--264
\OT1/cmr/m/n/10.95 minibatches that are small sets of images. For each mini-bat
ch the computations
 []

[8]
<./figs/Distributed_learning.png, id=161, 717.68124pt x 793.96625pt>
File: ./figs/Distributed_learning.png Graphic file (type png)
<use ./figs/Distributed_learning.png>
Package pdftex.def Info: ./figs/Distributed_learning.png  used on input line 29
2.
(pdftex.def)             Requested size: 143.5337pt x 158.79044pt.

Overfull \hbox (6.60966pt too wide) in paragraph at lines 300--301
[]\OT1/cmr/m/n/10.95 In a distributed computation, the communication topology i
s an important
 []


Overfull \hbox (1.83424pt too wide) in paragraph at lines 300--301
\OT1/cmr/m/n/10.95 communicate with another agent $\OML/cmm/m/it/10.95 j$ \OT1/
cmr/m/n/10.95 if the graph $\OML/cmm/m/it/10.95 G$ \OT1/cmr/m/n/10.95 contains 
an edge connecting
 []


Overfull \hbox (6.12589pt too wide) in paragraph at lines 303--305
\OT1/cmr/m/n/10.95 agents in the network to collectively solve an optimization 
problem by tracking
 []

[9 <./figs/Distributed_learning.png>] [10]
Overfull \hbox (1.19835pt too wide) in paragraph at lines 343--344
\OT1/cmr/m/n/10.95 after the backward pass since its computation requires the g
radient computed
 []

[11]
<./figs/cycle/graph.png, id=188, 462.528pt x 346.896pt>
File: ./figs/cycle/graph.png Graphic file (type png)
<use ./figs/cycle/graph.png>
Package pdftex.def Info: ./figs/cycle/graph.png  used on input line 374.
(pdftex.def)             Requested size: 115.20264pt x 86.4009pt.
<./figs/cycle/cost_log.png, id=190, 587.19376pt x 481.8pt>
File: ./figs/cycle/cost_log.png Graphic file (type png)
<use ./figs/cycle/cost_log.png>
Package pdftex.def Info: ./figs/cycle/cost_log.png  used on input line 384.
(pdftex.def)             Requested size: 176.40198pt x 144.73961pt.
<./figs/cycle/gradient_log.png, id=191, 640.3925pt x 481.8pt>
File: ./figs/cycle/gradient_log.png Graphic file (type png)
<use ./figs/cycle/gradient_log.png>
Package pdftex.def Info: ./figs/cycle/gradient_log.png  used on input line 389.

(pdftex.def)             Requested size: 190.51445pt x 143.32808pt.

Overfull \hbox (14.11247pt too wide) in paragraph at lines 389--390
[][] 
 []

[12 <./figs/cycle/graph.png> <./figs/cycle/cost_log.png> <./figs/cycle/gradient
_log.png>]
<./figs/cycle/weight_100.png, id=202, 462.528pt x 346.896pt>
File: ./figs/cycle/weight_100.png Graphic file (type png)
<use ./figs/cycle/weight_100.png>
Package pdftex.def Info: ./figs/cycle/weight_100.png  used on input line 410.
(pdftex.def)             Requested size: 176.40198pt x 132.30353pt.
<./figs/cycle/weight_100_log.png, id=203, 462.528pt x 346.896pt>
File: ./figs/cycle/weight_100_log.png Graphic file (type png)
<use ./figs/cycle/weight_100_log.png>
Package pdftex.def Info: ./figs/cycle/weight_100_log.png  used on input line 41
5.
(pdftex.def)             Requested size: 176.40198pt x 132.30353pt.
 [13 <./figs/cycle/weight_100.png> <./figs/cycle/weight_100_log.png>]
Overfull \hbox (4.14966pt too wide) in paragraph at lines 446--446
[]\OT1/cmr/bx/n/14.4 Third test: impact of graph shape on consensus 
 []

File: ./figs/cycle/graph.png Graphic file (type png)
<use ./figs/cycle/graph.png>
Package pdftex.def Info: ./figs/cycle/graph.png  used on input line 452.
(pdftex.def)             Requested size: 115.20264pt x 86.4009pt.
<./figs/path/graph.png, id=213, 462.528pt x 346.896pt>
File: ./figs/path/graph.png Graphic file (type png)
<use ./figs/path/graph.png>
Package pdftex.def Info: ./figs/path/graph.png  used on input line 457.
(pdftex.def)             Requested size: 115.20264pt x 86.4009pt.
<./figs/star/graph.png, id=214, 462.528pt x 346.896pt>
File: ./figs/star/graph.png Graphic file (type png)
<use ./figs/star/graph.png>
Package pdftex.def Info: ./figs/star/graph.png  used on input line 462.
(pdftex.def)             Requested size: 115.20264pt x 86.4009pt.
File: ./figs/cycle/weight_100.png Graphic file (type png)
<use ./figs/cycle/weight_100.png>
Package pdftex.def Info: ./figs/cycle/weight_100.png  used on input line 482.
(pdftex.def)             Requested size: 176.40198pt x 132.30353pt.
File: ./figs/cycle/weight_100_log.png Graphic file (type png)
<use ./figs/cycle/weight_100_log.png>
Package pdftex.def Info: ./figs/cycle/weight_100_log.png  used on input line 48
7.
(pdftex.def)             Requested size: 176.40198pt x 132.30353pt.
[14 <./figs/path/graph.png> <./figs/star/graph.png>]
<./figs/path/weight_100.png, id=224, 462.528pt x 346.896pt>
File: ./figs/path/weight_100.png Graphic file (type png)
<use ./figs/path/weight_100.png>
Package pdftex.def Info: ./figs/path/weight_100.png  used on input line 499.
(pdftex.def)             Requested size: 176.40198pt x 132.30353pt.
<./figs//path/weight_100_log.png, id=225, 462.528pt x 346.896pt>
File: ./figs//path/weight_100_log.png Graphic file (type png)
<use ./figs//path/weight_100_log.png>
Package pdftex.def Info: ./figs//path/weight_100_log.png  used on input line 50
4.
(pdftex.def)             Requested size: 176.40198pt x 132.30353pt.
<./figs/star/weight_100.png, id=226, 462.528pt x 346.896pt>
File: ./figs/star/weight_100.png Graphic file (type png)
<use ./figs/star/weight_100.png>
Package pdftex.def Info: ./figs/star/weight_100.png  used on input line 517.
(pdftex.def)             Requested size: 176.40198pt x 132.30353pt.
<./figs/star/weight_100_log.png, id=227, 462.528pt x 346.896pt>
File: ./figs/star/weight_100_log.png Graphic file (type png)
<use ./figs/star/weight_100_log.png>
Package pdftex.def Info: ./figs/star/weight_100_log.png  used on input line 522
.
(pdftex.def)             Requested size: 176.40198pt x 132.30353pt.


LaTeX Warning: `h' float specifier changed to `ht'.

[15 <./figs/path/weight_100.png> <./figs//path/weight_100_log.png>] [16 <./figs
/star/weight_100.png> <./figs/star/weight_100_log.png>]
Chapter 2.
[17

]
Overfull \hbox (12.74657pt too wide) in paragraph at lines 588--589
\OT1/cmr/m/n/10.95 with the other ones (the neighbors' ones). For what regards 
the communication,
 []

[18]
<./figs/pentagon_rviz.png, id=256, 689.57625pt x 525.965pt>
File: ./figs/pentagon_rviz.png Graphic file (type png)
<use ./figs/pentagon_rviz.png>
Package pdftex.def Info: ./figs/pentagon_rviz.png  used on input line 603.
(pdftex.def)             Requested size: 165.50168pt x 126.23418pt.
<./figs/Formation_potential_pentagon.png, id=257, 462.528pt x 346.896pt>
File: ./figs/Formation_potential_pentagon.png Graphic file (type png)
<use ./figs/Formation_potential_pentagon.png>
Package pdftex.def Info: ./figs/Formation_potential_pentagon.png  used on input
 line 608.
(pdftex.def)             Requested size: 194.26042pt x 145.69531pt.

Overfull \hbox (17.85844pt too wide) in paragraph at lines 608--609
[][] 
 []

<./figs/hexagon_rviz.png, id=258, 689.57625pt x 524.96124pt>
File: ./figs/hexagon_rviz.png Graphic file (type png)
<use ./figs/hexagon_rviz.png>
Package pdftex.def Info: ./figs/hexagon_rviz.png  used on input line 618.
(pdftex.def)             Requested size: 165.50168pt x 125.99327pt.
<./figs/Formation_potential_hexagon.png, id=259, 462.528pt x 346.896pt>
File: ./figs/Formation_potential_hexagon.png Graphic file (type png)
<use ./figs/Formation_potential_hexagon.png>
Package pdftex.def Info: ./figs/Formation_potential_hexagon.png  used on input 
line 623.
(pdftex.def)             Requested size: 194.26042pt x 145.69531pt.

Overfull \hbox (17.85844pt too wide) in paragraph at lines 623--624
[][] 
 []

<./figs/Pentagon_path.png, id=260, 462.528pt x 346.896pt>
File: ./figs/Pentagon_path.png Graphic file (type png)
<use ./figs/Pentagon_path.png>
Package pdftex.def Info: ./figs/Pentagon_path.png  used on input line 633.
(pdftex.def)             Requested size: 198.88315pt x 149.16237pt.

Overfull \hbox (26.08469pt too wide) in paragraph at lines 633--634
[][] 
 []

<./figs/Hexagon_path.png, id=261, 462.528pt x 346.896pt>
File: ./figs/Hexagon_path.png Graphic file (type png)
<use ./figs/Hexagon_path.png>
Package pdftex.def Info: ./figs/Hexagon_path.png  used on input line 638.
(pdftex.def)             Requested size: 198.88315pt x 149.16237pt.

Overfull \hbox (26.08469pt too wide) in paragraph at lines 638--639
[][] 
 []

<./figs/piramid_rviz.png, id=265, 693.59125pt x 529.98pt>
File: ./figs/piramid_rviz.png Graphic file (type png)
<use ./figs/piramid_rviz.png>
Package pdftex.def Info: ./figs/piramid_rviz.png  used on input line 652.
(pdftex.def)             Requested size: 166.4653pt x 127.19778pt.
<./figs/Formation_potential_piramid.png, id=266, 462.528pt x 346.896pt>
File: ./figs/Formation_potential_piramid.png Graphic file (type png)
<use ./figs/Formation_potential_piramid.png>
Package pdftex.def Info: ./figs/Formation_potential_piramid.png  used on input 
line 657.
(pdftex.def)             Requested size: 194.26042pt x 145.69531pt.

Overfull \hbox (17.85844pt too wide) in paragraph at lines 657--658
[][] 
 []

[19 <./figs/pentagon_rviz.png> <./figs/Formation_potential_pentagon.png>]
[20 <./figs/hexagon_rviz.png> <./figs/Formation_potential_hexagon.png> <./figs/
Pentagon_path.png> <./figs/Hexagon_path.png>]
Overfull \hbox (15.15964pt too wide) in paragraph at lines 668--669
\OT1/cmr/m/n/10.95 their desired positions relative to their neighbors, while t
he repulsion component
 []

<./figs/Collision.png, id=284, 1026.83624pt x 751.80875pt>
File: ./figs/Collision.png Graphic file (type png)
<use ./figs/Collision.png>
Package pdftex.def Info: ./figs/Collision.png  used on input line 672.
(pdftex.def)             Requested size: 256.70844pt x 187.95172pt.

LaTeX Warning: `h' float specifier changed to `ht'.

[21 <./figs/piramid_rviz.png> <./figs/Formation_potential_piramid.png>]
File: ./figs/Hexagon_path.png Graphic file (type png)
<use ./figs/Hexagon_path.png>
Package pdftex.def Info: ./figs/Hexagon_path.png  used on input line 702.
(pdftex.def)             Requested size: 194.26042pt x 145.69531pt.

Overfull \hbox (17.85844pt too wide) in paragraph at lines 702--703
[][] 
 []


Underfull \hbox (badness 1127) in paragraph at lines 703--703
[]\OT1/cmr/m/n/10 (a) |Path followed by agents without
 []

<./figs/Hexagon_path_collision.png, id=296, 462.528pt x 346.896pt>
File: ./figs/Hexagon_path_collision.png Graphic file (type png)
<use ./figs/Hexagon_path_collision.png>
Package pdftex.def Info: ./figs/Hexagon_path_collision.png  used on input line 
707.
(pdftex.def)             Requested size: 194.26042pt x 145.69531pt.

Overfull \hbox (17.85844pt too wide) in paragraph at lines 707--708
[][] 
 []

[22 <./figs/Collision.png> <./figs/Hexagon_path_collision.png>]
<./figs/Formation_potential_hexagon_collision.png, id=307, 462.528pt x 346.896p
t>
File: ./figs/Formation_potential_hexagon_collision.png Graphic file (type png)
<use ./figs/Formation_potential_hexagon_collision.png>
Package pdftex.def Info: ./figs/Formation_potential_hexagon_collision.png  used
 on input line 719.
(pdftex.def)             Requested size: 194.26042pt x 145.69531pt.

Overfull \hbox (17.85844pt too wide) in paragraph at lines 719--720
[][] 
 []


Underfull \hbox (badness 4995) in paragraph at lines 720--720
[]\OT1/cmr/m/n/10 (a) |Formation potential (attraction)
 []

<./figs/Barrier_potential_hexagon_collision.png, id=308, 462.528pt x 346.896pt>

File: ./figs/Barrier_potential_hexagon_collision.png Graphic file (type png)
<use ./figs/Barrier_potential_hexagon_collision.png>
Package pdftex.def Info: ./figs/Barrier_potential_hexagon_collision.png  used o
n input line 724.
(pdftex.def)             Requested size: 194.26042pt x 145.69531pt.

Overfull \hbox (17.85844pt too wide) in paragraph at lines 724--725
[][] 
 []


Underfull \hbox (badness 10000) in paragraph at lines 725--725
[]\OT1/cmr/m/n/10 (b) |Barrier potential (repulsion),
 []

<./figs/Formation_check.png, id=310, 462.528pt x 346.896pt>
File: ./figs/Formation_check.png Graphic file (type png)
<use ./figs/Formation_check.png>
Package pdftex.def Info: ./figs/Formation_check.png  used on input line 741.
(pdftex.def)             Requested size: 185.0079pt x 138.75594pt.

LaTeX Warning: `h' float specifier changed to `ht'.

[23 <./figs/Formation_potential_hexagon_collision.png> <./figs/Barrier_potentia
l_hexagon_collision.png>]
<./figs/Moving_hexagon_formation_linear.png, id=319, 462.528pt x 346.896pt>
File: ./figs/Moving_hexagon_formation_linear.png Graphic file (type png)
<use ./figs/Moving_hexagon_formation_linear.png>
Package pdftex.def Info: ./figs/Moving_hexagon_formation_linear.png  used on in
put line 754.
(pdftex.def)             Requested size: 231.26343pt x 173.44757pt.
<./figs/Moving_hexagon_formation_circle_r_2.png, id=321, 462.528pt x 346.896pt>

File: ./figs/Moving_hexagon_formation_circle_r_2.png Graphic file (type png)
<use ./figs/Moving_hexagon_formation_circle_r_2.png>
Package pdftex.def Info: ./figs/Moving_hexagon_formation_circle_r_2.png  used o
n input line 764.
(pdftex.def)             Requested size: 194.26042pt x 145.69531pt.

Overfull \hbox (17.85844pt too wide) in paragraph at lines 764--765
[][] 
 []

<./figs/Moving_hexagon_formation_circle_r_5.png, id=322, 462.528pt x 346.896pt>

File: ./figs/Moving_hexagon_formation_circle_r_5.png Graphic file (type png)
<use ./figs/Moving_hexagon_formation_circle_r_5.png>
Package pdftex.def Info: ./figs/Moving_hexagon_formation_circle_r_5.png  used o
n input line 769.
(pdftex.def)             Requested size: 194.26042pt x 145.69531pt.

Overfull \hbox (17.85844pt too wide) in paragraph at lines 769--770
[][] 
 []


LaTeX Warning: `h' float specifier changed to `ht'.


Overfull \hbox (4.1154pt too wide) in paragraph at lines 777--778
[]\OT1/cmr/m/n/10.95 We have also tried to give the leaders a proper input in o
rder to accomplish
 []

[24 <./figs/Formation_check.png> <./figs/Moving_hexagon_formation_linear.png>]
Overfull \hbox (15.81596pt too wide) in paragraph at lines 782--783
\OT1/cmr/bx/n/10.95 Task 2.4 \OT1/cmr/m/n/10.95 asked to us to introduce obstac
le avoidance in our \OT1/cmtt/m/n/10.95 formation[]control
 []

[25 <./figs/Moving_hexagon_formation_circle_r_2.png> <./figs/Moving_hexagon_for
mation_circle_r_5.png>]
<./figs/Hexagon_obstacle.png, id=342, 462.528pt x 346.896pt>
File: ./figs/Hexagon_obstacle.png Graphic file (type png)
<use ./figs/Hexagon_obstacle.png>
Package pdftex.def Info: ./figs/Hexagon_obstacle.png  used on input line 810.
(pdftex.def)             Requested size: 198.88315pt x 149.16237pt.

Overfull \hbox (22.48117pt too wide) in paragraph at lines 810--811
[][] 
 []


Underfull \hbox (badness 1748) in paragraph at lines 811--811
[]\OT1/cmr/m/n/10 (a) |Motion of formation to pass in
 []

<./figs/Hexagon_obstacle_target.png, id=343, 462.528pt x 346.896pt>
File: ./figs/Hexagon_obstacle_target.png Graphic file (type png)
<use ./figs/Hexagon_obstacle_target.png>
Package pdftex.def Info: ./figs/Hexagon_obstacle_target.png  used on input line
 815.
(pdftex.def)             Requested size: 198.88315pt x 149.16237pt.

Overfull \hbox (22.48117pt too wide) in paragraph at lines 815--816
[][] 
 []


Underfull \hbox (badness 7907) in paragraph at lines 816--816
[]\OT1/cmr/m/n/10 (b) |Formation that reaches target
 []

[26 <./figs/Hexagon_obstacle.png> <./figs/Hexagon_obstacle_target.png>]
[27

] (report_group_25.aux)
Package rerunfilecheck Info: File `report_group_25.out' has not changed.
(rerunfilecheck)             Checksum: FD9C977215C2C188D1B1871B23937CE0;3164.
 ) 
Here is how much of TeX's memory you used:
 23917 strings out of 478346
 452948 string characters out of 5840784
 1866851 words of memory out of 5000000
 43537 multiletter control sequences out of 15000+600000
 523828 words of font info for 76 fonts, out of 8000000 for 9000
 0 hyphenation exceptions out of 8191
 84i,9n,89p,835b,982s stack positions out of 10000i,1000n,20000p,200000b,200000s
 </home/giulia/.miktex/texmfs/data/fonts/pk/ljfour/jknappen/ec/dpi600/tcrm109
5.pk></home/giulia/.miktex/texmfs/install/fonts/type1/public/amsfonts/cm/cmbx10
.pfb></home/giulia/.miktex/texmfs/install/fonts/type1/public/amsfonts/cm/cmbx12
.pfb></home/giulia/.miktex/texmfs/install/fonts/type1/public/amsfonts/cm/cmbx8.
pfb></home/giulia/.miktex/texmfs/install/fonts/type1/public/amsfonts/cm/cmex10.
pfb></home/giulia/.miktex/texmfs/install/fonts/type1/public/amsfonts/cm/cmmi10.
pfb></home/giulia/.miktex/texmfs/install/fonts/type1/public/amsfonts/cm/cmmi6.p
fb></home/giulia/.miktex/texmfs/install/fonts/type1/public/amsfonts/cm/cmmi8.pf
b></home/giulia/.miktex/texmfs/install/fonts/type1/public/amsfonts/cm/cmr10.pfb
></home/giulia/.miktex/texmfs/install/fonts/type1/public/amsfonts/cm/cmr12.pfb>
</home/giulia/.miktex/texmfs/install/fonts/type1/public/amsfonts/cm/cmr17.pfb><
/home/giulia/.miktex/texmfs/install/fonts/type1/public/amsfonts/cm/cmr6.pfb></h
ome/giulia/.miktex/texmfs/install/fonts/type1/public/amsfonts/cm/cmr8.pfb></hom
e/giulia/.miktex/texmfs/install/fonts/type1/public/amsfonts/cm/cmsy10.pfb></hom
e/giulia/.miktex/texmfs/install/fonts/type1/public/amsfonts/cm/cmsy8.pfb></home
/giulia/.miktex/texmfs/install/fonts/type1/public/amsfonts/cm/cmti10.pfb></home
/giulia/.miktex/texmfs/install/fonts/type1/public/amsfonts/cm/cmtt10.pfb></home
/giulia/.miktex/texmfs/install/fonts/type1/public/amsfonts/symbols/msbm10.pfb>
Output written on report_group_25.pdf (27 pages, 1437700 bytes).
PDF statistics:
 452 PDF objects out of 1000 (max. 8388607)
 91 named destinations out of 1000 (max. 500000)
 317 words of extra memory for PDF output out of 10000 (max. 10000000)

