running egg_info
writing ../../build/formation_control/formation_control.egg-info/PKG-INFO
writing dependency_links to ../../build/formation_control/formation_control.egg-info/dependency_links.txt
writing entry points to ../../build/formation_control/formation_control.egg-info/entry_points.txt
writing requirements to ../../build/formation_control/formation_control.egg-info/requires.txt
writing top-level names to ../../build/formation_control/formation_control.egg-info/top_level.txt
reading manifest file '../../build/formation_control/formation_control.egg-info/SOURCES.txt'
writing manifest file '../../build/formation_control/formation_control.egg-info/SOURCES.txt'
running build
running build_py
copying formation_control/the_agent.py -> /home/giulia/Desktop/Project2/build/formation_control/build/lib/formation_control
running install
running install_lib
copying /home/giulia/Desktop/Project2/build/formation_control/build/lib/formation_control/the_agent.py -> /home/giulia/Desktop/Project2/install/formation_control/lib/python3.8/site-packages/formation_control
byte-compiling /home/giulia/Desktop/Project2/install/formation_control/lib/python3.8/site-packages/formation_control/the_agent.py to the_agent.cpython-38.pyc
running install_data
running install_egg_info
removing '/home/giulia/Desktop/Project2/install/formation_control/lib/python3.8/site-packages/formation_control-0.0.0-py3.8.egg-info' (and everything under it)
Copying ../../build/formation_control/formation_control.egg-info to /home/giulia/Desktop/Project2/install/formation_control/lib/python3.8/site-packages/formation_control-0.0.0-py3.8.egg-info
running install_scripts
Installing the_agent script to /home/giulia/Desktop/Project2/install/formation_control/lib/formation_control
writing list of installed files to '/home/giulia/Desktop/Project2/build/formation_control/install.log'
